<?xml version="1.0" encoding="UTF-8"?>
<testsuite xmlns:xsi="http://www.w3.org/2001/XMLSchema-instance" xsi:noNamespaceSchemaLocation="https://maven.apache.org/surefire/maven-surefire-plugin/xsd/surefire-test-report.xsd" name="TestController" time="4.029" tests="2" errors="2" skipped="0" failures="0">
  <properties>
    <property name="sun.desktop" value="windows"/>
    <property name="awt.toolkit" value="sun.awt.windows.WToolkit"/>
    <property name="file.encoding.pkg" value="sun.io"/>
    <property name="java.specification.version" value="1.8"/>
    <property name="sun.cpu.isalist" value="amd64"/>
    <property name="sun.jnu.encoding" value="GBK"/>
    <property name="java.class.path" value="E:\IDEA\workspace\RoastForEntirePeople\commonparent\edu_manager\target\test-classes;E:\IDEA\workspace\RoastForEntirePeople\commonparent\edu_manager\target\classes;E:\maven\repostitory\org\springframework\spring-aop\4.3.6.RELEASE\spring-aop-4.3.6.RELEASE.jar;E:\maven\repostitory\org\springframework\spring-core\4.3.6.RELEASE\spring-core-4.3.6.RELEASE.jar;E:\maven\repostitory\org\springframework\spring-context\4.3.6.RELEASE\spring-context-4.3.6.RELEASE.jar;E:\maven\repostitory\org\springframework\spring-web\4.3.6.RELEASE\spring-web-4.3.6.RELEASE.jar;E:\maven\repostitory\org\springframework\spring-webmvc\4.3.6.RELEASE\spring-webmvc-4.3.6.RELEASE.jar;E:\maven\repostitory\org\springframework\spring-beans\4.3.6.RELEASE\spring-beans-4.3.6.RELEASE.jar;E:\maven\repostitory\org\springframework\spring-jdbc\4.3.6.RELEASE\spring-jdbc-4.3.6.RELEASE.jar;E:\maven\repostitory\org\springframework\spring-expression\4.3.6.RELEASE\spring-expression-4.3.6.RELEASE.jar;E:\maven\repostitory\org\springframework\spring-tx\4.3.6.RELEASE\spring-tx-4.3.6.RELEASE.jar;E:\maven\repostitory\org\springframework\spring-aspects\4.3.6.RELEASE\spring-aspects-4.3.6.RELEASE.jar;E:\maven\repostitory\org\springframework\spring-test\4.3.6.RELEASE\spring-test-4.3.6.RELEASE.jar;E:\IDEA\workspace\RoastForEntirePeople\commonparent\edu_service\target\edu_service-1.0-SNAPSHOT.jar;E:\IDEA\workspace\RoastForEntirePeople\commonparent\edu_dao\target\edu_dao-1.0-SNAPSHOT.jar;E:\IDEA\workspace\RoastForEntirePeople\commonparent\edu_module\target\edu_module-1.0-SNAPSHOT.jar;E:\maven\repostitory\org\mybatis\mybatis\3.4.2\mybatis-3.4.2.jar;E:\maven\repostitory\org\mybatis\mybatis-spring\2.0.1\mybatis-spring-2.0.1.jar;E:\maven\repostitory\commons-fileupload\commons-fileupload\1.3.2\commons-fileupload-1.3.2.jar;E:\maven\repostitory\org\apache\commons\commons-dbcp2\2.1.1\commons-dbcp2-2.1.1.jar;E:\maven\repostitory\commons-io\commons-io\2.5\commons-io-2.5.jar;E:\maven\repostitory\commons-logging\commons-logging\1.2\commons-logging-1.2.jar;E:\maven\repostitory\org\apache\commons\commons-pool2\2.4.2\commons-pool2-2.4.2.jar;E:\maven\repostitory\com\fasterxml\jackson\core\jackson-databind\2.8.8\jackson-databind-2.8.8.jar;E:\maven\repostitory\com\fasterxml\jackson\core\jackson-annotations\2.8.8\jackson-annotations-2.8.8.jar;E:\maven\repostitory\com\fasterxml\jackson\core\jackson-core\2.8.8\jackson-core-2.8.8.jar;E:\maven\repostitory\log4j\log4j\1.2.17\log4j-1.2.17.jar;E:\maven\repostitory\mysql\mysql-connector-java\5.1.40\mysql-connector-java-5.1.40.jar;E:\maven\repostitory\aopalliance\aopalliance\1.0\aopalliance-1.0.jar;E:\maven\repostitory\com\github\pagehelper\pagehelper\5.0.0\pagehelper-5.0.0.jar;E:\maven\repostitory\com\github\jsqlparser\jsqlparser\0.9.5\jsqlparser-0.9.5.jar;E:\maven\repostitory\org\aspectj\aspectjweaver\1.8.10\aspectjweaver-1.8.10.jar;E:\maven\repostitory\com\alibaba\fastjson\1.2.58\fastjson-1.2.58.jar;E:\maven\repostitory\javax\javaee-api\7.0\javaee-api-7.0.jar;E:\maven\repostitory\com\sun\mail\javax.mail\1.5.0\javax.mail-1.5.0.jar;E:\maven\repostitory\javax\activation\activation\1.1\activation-1.1.jar;E:\maven\repostitory\junit\junit\4.11\junit-4.11.jar;E:\maven\repostitory\org\hamcrest\hamcrest-core\1.3\hamcrest-core-1.3.jar;"/>
    <property name="java.vm.vendor" value="Oracle Corporation"/>
    <property name="sun.arch.data.model" value="64"/>
    <property name="user.variant" value=""/>
    <property name="java.vendor.url" value="http://java.oracle.com/"/>
    <property name="user.timezone" value="Asia/Taipei"/>
    <property name="java.vm.specification.version" value="1.8"/>
    <property name="os.name" value="Windows 10"/>
    <property name="user.country" value="CN"/>
    <property name="sun.java.launcher" value="SUN_STANDARD"/>
    <property name="sun.boot.library.path" value="C:\Program Files\Java\jdk1.8.0_201\jre\bin"/>
    <property name="sun.java.command" value="C:\Users\hp\AppData\Local\Temp\surefire1398902399351991263\surefirebooter4327064209011190934.jar C:\Users\hp\AppData\Local\Temp\surefire1398902399351991263 2019-10-19T12-39-38_046-jvmRun1 surefire3437061048960320848tmp surefire_33450635734565456598tmp"/>
    <property name="surefire.test.class.path" value="E:\IDEA\workspace\RoastForEntirePeople\commonparent\edu_manager\target\test-classes;E:\IDEA\workspace\RoastForEntirePeople\commonparent\edu_manager\target\classes;E:\maven\repostitory\org\springframework\spring-aop\4.3.6.RELEASE\spring-aop-4.3.6.RELEASE.jar;E:\maven\repostitory\org\springframework\spring-core\4.3.6.RELEASE\spring-core-4.3.6.RELEASE.jar;E:\maven\repostitory\org\springframework\spring-context\4.3.6.RELEASE\spring-context-4.3.6.RELEASE.jar;E:\maven\repostitory\org\springframework\spring-web\4.3.6.RELEASE\spring-web-4.3.6.RELEASE.jar;E:\maven\repostitory\org\springframework\spring-webmvc\4.3.6.RELEASE\spring-webmvc-4.3.6.RELEASE.jar;E:\maven\repostitory\org\springframework\spring-beans\4.3.6.RELEASE\spring-beans-4.3.6.RELEASE.jar;E:\maven\repostitory\org\springframework\spring-jdbc\4.3.6.RELEASE\spring-jdbc-4.3.6.RELEASE.jar;E:\maven\repostitory\org\springframework\spring-expression\4.3.6.RELEASE\spring-expression-4.3.6.RELEASE.jar;E:\maven\repostitory\org\springframework\spring-tx\4.3.6.RELEASE\spring-tx-4.3.6.RELEASE.jar;E:\maven\repostitory\org\springframework\spring-aspects\4.3.6.RELEASE\spring-aspects-4.3.6.RELEASE.jar;E:\maven\repostitory\org\springframework\spring-test\4.3.6.RELEASE\spring-test-4.3.6.RELEASE.jar;E:\IDEA\workspace\RoastForEntirePeople\commonparent\edu_service\target\edu_service-1.0-SNAPSHOT.jar;E:\IDEA\workspace\RoastForEntirePeople\commonparent\edu_dao\target\edu_dao-1.0-SNAPSHOT.jar;E:\IDEA\workspace\RoastForEntirePeople\commonparent\edu_module\target\edu_module-1.0-SNAPSHOT.jar;E:\maven\repostitory\org\mybatis\mybatis\3.4.2\mybatis-3.4.2.jar;E:\maven\repostitory\org\mybatis\mybatis-spring\2.0.1\mybatis-spring-2.0.1.jar;E:\maven\repostitory\commons-fileupload\commons-fileupload\1.3.2\commons-fileupload-1.3.2.jar;E:\maven\repostitory\org\apache\commons\commons-dbcp2\2.1.1\commons-dbcp2-2.1.1.jar;E:\maven\repostitory\commons-io\commons-io\2.5\commons-io-2.5.jar;E:\maven\repostitory\commons-logging\commons-logging\1.2\commons-logging-1.2.jar;E:\maven\repostitory\org\apache\commons\commons-pool2\2.4.2\commons-pool2-2.4.2.jar;E:\maven\repostitory\com\fasterxml\jackson\core\jackson-databind\2.8.8\jackson-databind-2.8.8.jar;E:\maven\repostitory\com\fasterxml\jackson\core\jackson-annotations\2.8.8\jackson-annotations-2.8.8.jar;E:\maven\repostitory\com\fasterxml\jackson\core\jackson-core\2.8.8\jackson-core-2.8.8.jar;E:\maven\repostitory\log4j\log4j\1.2.17\log4j-1.2.17.jar;E:\maven\repostitory\mysql\mysql-connector-java\5.1.40\mysql-connector-java-5.1.40.jar;E:\maven\repostitory\aopalliance\aopalliance\1.0\aopalliance-1.0.jar;E:\maven\repostitory\com\github\pagehelper\pagehelper\5.0.0\pagehelper-5.0.0.jar;E:\maven\repostitory\com\github\jsqlparser\jsqlparser\0.9.5\jsqlparser-0.9.5.jar;E:\maven\repostitory\org\aspectj\aspectjweaver\1.8.10\aspectjweaver-1.8.10.jar;E:\maven\repostitory\com\alibaba\fastjson\1.2.58\fastjson-1.2.58.jar;E:\maven\repostitory\javax\javaee-api\7.0\javaee-api-7.0.jar;E:\maven\repostitory\com\sun\mail\javax.mail\1.5.0\javax.mail-1.5.0.jar;E:\maven\repostitory\javax\activation\activation\1.1\activation-1.1.jar;E:\maven\repostitory\junit\junit\4.11\junit-4.11.jar;E:\maven\repostitory\org\hamcrest\hamcrest-core\1.3\hamcrest-core-1.3.jar;"/>
    <property name="sun.cpu.endian" value="little"/>
    <property name="user.home" value="C:\Users\hp"/>
    <property name="user.language" value="zh"/>
    <property name="java.specification.vendor" value="Oracle Corporation"/>
    <property name="java.home" value="C:\Program Files\Java\jdk1.8.0_201\jre"/>
    <property name="basedir" value="E:\IDEA\workspace\RoastForEntirePeople\commonparent\edu_manager"/>
    <property name="file.separator" value="\"/>
    <property name="line.separator" value="&#10;"/>
    <property name="java.vm.specification.vendor" value="Oracle Corporation"/>
    <property name="java.specification.name" value="Java Platform API Specification"/>
    <property name="java.awt.graphicsenv" value="sun.awt.Win32GraphicsEnvironment"/>
    <property name="surefire.real.class.path" value="C:\Users\hp\AppData\Local\Temp\surefire1398902399351991263\surefirebooter4327064209011190934.jar"/>
    <property name="sun.boot.class.path" value="C:\Program Files\Java\jdk1.8.0_201\jre\lib\resources.jar;C:\Program Files\Java\jdk1.8.0_201\jre\lib\rt.jar;C:\Program Files\Java\jdk1.8.0_201\jre\lib\sunrsasign.jar;C:\Program Files\Java\jdk1.8.0_201\jre\lib\jsse.jar;C:\Program Files\Java\jdk1.8.0_201\jre\lib\jce.jar;C:\Program Files\Java\jdk1.8.0_201\jre\lib\charsets.jar;C:\Program Files\Java\jdk1.8.0_201\jre\lib\jfr.jar;C:\Program Files\Java\jdk1.8.0_201\jre\classes"/>
    <property name="user.script" value=""/>
    <property name="sun.management.compiler" value="HotSpot 64-Bit Tiered Compilers"/>
    <property name="java.runtime.version" value="1.8.0_201-b09"/>
    <property name="user.name" value="hp"/>
    <property name="path.separator" value=";"/>
    <property name="os.version" value="10.0"/>
    <property name="java.endorsed.dirs" value="C:\Program Files\Java\jdk1.8.0_201\jre\lib\endorsed"/>
    <property name="java.runtime.name" value="Java(TM) SE Runtime Environment"/>
    <property name="file.encoding" value="GBK"/>
    <property name="java.vm.name" value="Java HotSpot(TM) 64-Bit Server VM"/>
    <property name="localRepository" value="E:\maven\repostitory"/>
    <property name="java.vendor.url.bug" value="http://bugreport.sun.com/bugreport/"/>
    <property name="java.io.tmpdir" value="C:\Users\hp\AppData\Local\Temp\"/>
    <property name="idea.version" value="2017.1.6"/>
    <property name="java.version" value="1.8.0_201"/>
    <property name="user.dir" value="E:\IDEA\workspace\RoastForEntirePeople\commonparent\edu_manager"/>
    <property name="os.arch" value="amd64"/>
    <property name="java.vm.specification.name" value="Java Virtual Machine Specification"/>
    <property name="java.awt.printerjob" value="sun.awt.windows.WPrinterJob"/>
    <property name="sun.os.patch.level" value=""/>
    <property name="java.library.path" value="C:\Program Files\Java\jdk1.8.0_201\jre\bin;C:\WINDOWS\Sun\Java\bin;C:\WINDOWS\system32;C:\WINDOWS;C:\Program Files (x86)\NetSarang\Xshell 6\;D:\Oracle-DataBase\product\11.2.0\dbhome_1\bin;C:\Program Files (x86)\Common Files\Oracle\Java\javapath;E:\python\python3.6\Scripts\;E:\python\python3.6\;C:\WINDOWS\system32;C:\WINDOWS;C:\WINDOWS\System32\Wbem;C:\WINDOWS\System32\WindowsPowerShell\v1.0\;C:\Program Files (x86)\ATI Technologies\ATI.ACE\Core-Static;C:\Program Files (x86)\Microsoft SQL Server\100\Tools\Binn\;C:\Program Files\Microsoft SQL Server\100\Tools\Binn\;C:\Program Files\Microsoft SQL Server\100\DTS\Binn\;E:\opencv2.4.10\opencv\build\x64\vc10\bin\;E:\anaconda3\anaconda3-5.2.0\;E:\anaconda3\anaconda3-5.2.0\Scripts\;E:\anaconda3\anaconda3-5.2.0\Library\bin\;G:\Rational Rose\RationalRose2007\Common\;E:\Rational\Common;E:\python\python3.6\Lib\site-packages\PyQt5-tools\designer\;C:\Program Files\Java\jdk1.8.0_201\bin;D:\Program Files (x86)\MySQL\bin;.;C:\Program Files\Java\jdk1.8.0_201;\bin;.;C:\Program Files\Java\jdk1.8.0_201;\jre\bin;D:\opencv\build\x86\vc10\bin;D:\opencv\build\x64\vc10\bin;D:\Program Files (x86)\Git\cmd;C:\WINDOWS\System32\OpenSSH\;C:\Program Files (x86)\MySQL\MySQL Server 5.5\bin;E:\MySQL\bin;C:\Program Files\MySQL\MySQL Server 5.5\bin;D:\MySQL\bin;%JRE_HOME%;E:\Node.js\;C:\Users\hp\AppData\Local\Yarn\bin;D:\Program Files (x86)\apache-maven-3.6.0\bin;%M2_HOME%;;D:\常用软件\WinSCP\;E:\python\Scripts\;E:\python\;E:\anaconda3\anaconda3-5.2.0\;E:\anaconda3\anaconda3-5.2.0\Scripts\;E:\anaconda3\anaconda3-5.2.0\Library\bin\;C:\Users\hp\AppData\Local\Microsoft\WindowsApps;C:\Users\hp\AppData\Roaming\npm;D:\Program Files (x86)\apache-maven-3.6.0\bin;;."/>
    <property name="java.vm.info" value="mixed mode"/>
    <property name="java.vendor" value="Oracle Corporation"/>
    <property name="java.vm.version" value="25.201-b09"/>
    <property name="java.ext.dirs" value="C:\Program Files\Java\jdk1.8.0_201\jre\lib\ext;C:\WINDOWS\Sun\Java\lib\ext"/>
    <property name="sun.io.unicode.encoding" value="UnicodeLittle"/>
    <property name="maven.repo.local" value="E:\maven\repostitory"/>
    <property name="java.class.version" value="52.0"/>
  </properties>
  <testcase name="testGetSequence" classname="TestController" time="3.377">
    <error type="java.lang.ExceptionInInitializerError">java.lang.ExceptionInInitializerError
	at TestController.setUp(TestController.java:32)
Caused by: java.util.MissingResourceException: Can't find bundle for base name javax.servlet.LocalStrings, locale zh_CN
	at TestController.setUp(TestController.java:32)
</error>
  </testcase>
  <testcase name="testGetAnPost" classname="TestController" time="0.129">
    <error message="Could not initialize class org.springframework.test.web.servlet.TestDispatcherServlet" type="java.lang.NoClassDefFoundError">java.lang.NoClassDefFoundError: Could not initialize class org.springframework.test.web.servlet.TestDispatcherServlet
	at TestController.setUp(TestController.java:32)
</error>
  </testcase>
</testsuite>