<?xml version="1.0" encoding="UTF-8"?>
<testsuite xmlns:xsi="http://www.w3.org/2001/XMLSchema-instance" xsi:noNamespaceSchemaLocation="https://maven.apache.org/surefire/maven-surefire-plugin/xsd/surefire-test-report.xsd" name="edu.hstc.roast.AppTest" time="0.262" tests="1" errors="0" skipped="0" failures="0">
  <properties>
    <property name="sun.desktop" value="windows"/>
    <property name="awt.toolkit" value="sun.awt.windows.WToolkit"/>
    <property name="file.encoding.pkg" value="sun.io"/>
    <property name="java.specification.version" value="1.8"/>
    <property name="sun.cpu.isalist" value="amd64"/>
    <property name="sun.jnu.encoding" value="GBK"/>
    <property name="java.class.path" value="E:\IDEA\workspace\RoastForEntirePeople\commonparent\edu_module\target\test-classes;E:\IDEA\workspace\RoastForEntirePeople\commonparent\edu_module\target\classes;E:\maven\repostitory\org\springframework\spring-context\4.3.6.RELEASE\spring-context-4.3.6.RELEASE.jar;E:\maven\repostitory\org\springframework\spring-aop\4.3.6.RELEASE\spring-aop-4.3.6.RELEASE.jar;E:\maven\repostitory\org\springframework\spring-beans\4.3.6.RELEASE\spring-beans-4.3.6.RELEASE.jar;E:\maven\repostitory\org\springframework\spring-core\4.3.6.RELEASE\spring-core-4.3.6.RELEASE.jar;E:\maven\repostitory\commons-logging\commons-logging\1.2\commons-logging-1.2.jar;E:\maven\repostitory\org\springframework\spring-expression\4.3.6.RELEASE\spring-expression-4.3.6.RELEASE.jar;E:\maven\repostitory\junit\junit\4.11\junit-4.11.jar;E:\maven\repostitory\org\hamcrest\hamcrest-core\1.3\hamcrest-core-1.3.jar;E:\maven\repostitory\org\springframework\spring-test\4.3.6.RELEASE\spring-test-4.3.6.RELEASE.jar;"/>
    <property name="java.vm.vendor" value="Oracle Corporation"/>
    <property name="sun.arch.data.model" value="64"/>
    <property name="user.variant" value=""/>
    <property name="java.vendor.url" value="http://java.oracle.com/"/>
    <property name="user.timezone" value="Asia/Taipei"/>
    <property name="java.vm.specification.version" value="1.8"/>
    <property name="os.name" value="Windows 10"/>
    <property name="user.country" value="CN"/>
    <property name="sun.java.launcher" value="SUN_STANDARD"/>
    <property name="sun.boot.library.path" value="C:\Program Files\Java\jdk1.8.0_201\jre\bin"/>
    <property name="sun.java.command" value="C:\Users\hp\AppData\Local\Temp\surefire1800967248844001236\surefirebooter4201892759666422921.jar C:\Users\hp\AppData\Local\Temp\surefire1800967248844001236 2019-10-19T12-39-38_046-jvmRun1 surefire6068789510055254061tmp surefire_02092313000224236484tmp"/>
    <property name="surefire.test.class.path" value="E:\IDEA\workspace\RoastForEntirePeople\commonparent\edu_module\target\test-classes;E:\IDEA\workspace\RoastForEntirePeople\commonparent\edu_module\target\classes;E:\maven\repostitory\org\springframework\spring-context\4.3.6.RELEASE\spring-context-4.3.6.RELEASE.jar;E:\maven\repostitory\org\springframework\spring-aop\4.3.6.RELEASE\spring-aop-4.3.6.RELEASE.jar;E:\maven\repostitory\org\springframework\spring-beans\4.3.6.RELEASE\spring-beans-4.3.6.RELEASE.jar;E:\maven\repostitory\org\springframework\spring-core\4.3.6.RELEASE\spring-core-4.3.6.RELEASE.jar;E:\maven\repostitory\commons-logging\commons-logging\1.2\commons-logging-1.2.jar;E:\maven\repostitory\org\springframework\spring-expression\4.3.6.RELEASE\spring-expression-4.3.6.RELEASE.jar;E:\maven\repostitory\junit\junit\4.11\junit-4.11.jar;E:\maven\repostitory\org\hamcrest\hamcrest-core\1.3\hamcrest-core-1.3.jar;E:\maven\repostitory\org\springframework\spring-test\4.3.6.RELEASE\spring-test-4.3.6.RELEASE.jar;"/>
    <property name="sun.cpu.endian" value="little"/>
    <property name="user.home" value="C:\Users\hp"/>
    <property name="user.language" value="zh"/>
    <property name="java.specification.vendor" value="Oracle Corporation"/>
    <property name="java.home" value="C:\Program Files\Java\jdk1.8.0_201\jre"/>
    <property name="basedir" value="E:\IDEA\workspace\RoastForEntirePeople\commonparent\edu_module"/>
    <property name="file.separator" value="\"/>
    <property name="line.separator" value="&#10;"/>
    <property name="java.vm.specification.vendor" value="Oracle Corporation"/>
    <property name="java.specification.name" value="Java Platform API Specification"/>
    <property name="java.awt.graphicsenv" value="sun.awt.Win32GraphicsEnvironment"/>
    <property name="surefire.real.class.path" value="C:\Users\hp\AppData\Local\Temp\surefire1800967248844001236\surefirebooter4201892759666422921.jar"/>
    <property name="sun.boot.class.path" value="C:\Program Files\Java\jdk1.8.0_201\jre\lib\resources.jar;C:\Program Files\Java\jdk1.8.0_201\jre\lib\rt.jar;C:\Program Files\Java\jdk1.8.0_201\jre\lib\sunrsasign.jar;C:\Program Files\Java\jdk1.8.0_201\jre\lib\jsse.jar;C:\Program Files\Java\jdk1.8.0_201\jre\lib\jce.jar;C:\Program Files\Java\jdk1.8.0_201\jre\lib\charsets.jar;C:\Program Files\Java\jdk1.8.0_201\jre\lib\jfr.jar;C:\Program Files\Java\jdk1.8.0_201\jre\classes"/>
    <property name="user.script" value=""/>
    <property name="sun.management.compiler" value="HotSpot 64-Bit Tiered Compilers"/>
    <property name="java.runtime.version" value="1.8.0_201-b09"/>
    <property name="user.name" value="hp"/>
    <property name="path.separator" value=";"/>
    <property name="os.version" value="10.0"/>
    <property name="java.endorsed.dirs" value="C:\Program Files\Java\jdk1.8.0_201\jre\lib\endorsed"/>
    <property name="java.runtime.name" value="Java(TM) SE Runtime Environment"/>
    <property name="file.encoding" value="GBK"/>
    <property name="java.vm.name" value="Java HotSpot(TM) 64-Bit Server VM"/>
    <property name="localRepository" value="E:\maven\repostitory"/>
    <property name="java.vendor.url.bug" value="http://bugreport.sun.com/bugreport/"/>
    <property name="java.io.tmpdir" value="C:\Users\hp\AppData\Local\Temp\"/>
    <property name="idea.version" value="2017.1.6"/>
    <property name="java.version" value="1.8.0_201"/>
    <property name="user.dir" value="E:\IDEA\workspace\RoastForEntirePeople\commonparent\edu_module"/>
    <property name="os.arch" value="amd64"/>
    <property name="java.vm.specification.name" value="Java Virtual Machine Specification"/>
    <property name="java.awt.printerjob" value="sun.awt.windows.WPrinterJob"/>
    <property name="sun.os.patch.level" value=""/>
    <property name="java.library.path" value="C:\Program Files\Java\jdk1.8.0_201\jre\bin;C:\WINDOWS\Sun\Java\bin;C:\WINDOWS\system32;C:\WINDOWS;C:\Program Files (x86)\NetSarang\Xshell 6\;D:\Oracle-DataBase\product\11.2.0\dbhome_1\bin;C:\Program Files (x86)\Common Files\Oracle\Java\javapath;E:\python\python3.6\Scripts\;E:\python\python3.6\;C:\WINDOWS\system32;C:\WINDOWS;C:\WINDOWS\System32\Wbem;C:\WINDOWS\System32\WindowsPowerShell\v1.0\;C:\Program Files (x86)\ATI Technologies\ATI.ACE\Core-Static;C:\Program Files (x86)\Microsoft SQL Server\100\Tools\Binn\;C:\Program Files\Microsoft SQL Server\100\Tools\Binn\;C:\Program Files\Microsoft SQL Server\100\DTS\Binn\;E:\opencv2.4.10\opencv\build\x64\vc10\bin\;E:\anaconda3\anaconda3-5.2.0\;E:\anaconda3\anaconda3-5.2.0\Scripts\;E:\anaconda3\anaconda3-5.2.0\Library\bin\;G:\Rational Rose\RationalRose2007\Common\;E:\Rational\Common;E:\python\python3.6\Lib\site-packages\PyQt5-tools\designer\;C:\Program Files\Java\jdk1.8.0_201\bin;D:\Program Files (x86)\MySQL\bin;.;C:\Program Files\Java\jdk1.8.0_201;\bin;.;C:\Program Files\Java\jdk1.8.0_201;\jre\bin;D:\opencv\build\x86\vc10\bin;D:\opencv\build\x64\vc10\bin;D:\Program Files (x86)\Git\cmd;C:\WINDOWS\System32\OpenSSH\;C:\Program Files (x86)\MySQL\MySQL Server 5.5\bin;E:\MySQL\bin;C:\Program Files\MySQL\MySQL Server 5.5\bin;D:\MySQL\bin;%JRE_HOME%;E:\Node.js\;C:\Users\hp\AppData\Local\Yarn\bin;D:\Program Files (x86)\apache-maven-3.6.0\bin;%M2_HOME%;;D:\常用软件\WinSCP\;E:\python\Scripts\;E:\python\;E:\anaconda3\anaconda3-5.2.0\;E:\anaconda3\anaconda3-5.2.0\Scripts\;E:\anaconda3\anaconda3-5.2.0\Library\bin\;C:\Users\hp\AppData\Local\Microsoft\WindowsApps;C:\Users\hp\AppData\Roaming\npm;D:\Program Files (x86)\apache-maven-3.6.0\bin;;."/>
    <property name="java.vm.info" value="mixed mode"/>
    <property name="java.vendor" value="Oracle Corporation"/>
    <property name="java.vm.version" value="25.201-b09"/>
    <property name="java.ext.dirs" value="C:\Program Files\Java\jdk1.8.0_201\jre\lib\ext;C:\WINDOWS\Sun\Java\lib\ext"/>
    <property name="sun.io.unicode.encoding" value="UnicodeLittle"/>
    <property name="maven.repo.local" value="E:\maven\repostitory"/>
    <property name="java.class.version" value="52.0"/>
  </properties>
  <testcase name="shouldAnswerWithTrue" classname="edu.hstc.roast.AppTest" time="0.014"/>
</testsuite>